0 info it worked if it ends with ok
1 verbose cli [ '/Users/agaikw1/.nvm/versions/io.js/v1.8.1/bin/iojs',
1 verbose cli   '/Users/agaikw1/.nvm/versions/io.js/v1.8.1/bin/npm',
1 verbose cli   'install',
1 verbose cli   'bcrypt' ]
2 info using npm@2.8.3
3 info using node@v1.8.1
4 verbose install initial load of /Users/agaikw1/nodejs-authenticator-starter/package.json
5 warn package.json authenticator-demo@ No repository field.
6 verbose installManyTop reading scoped package data from /Users/agaikw1/nodejs-authenticator-starter/node_modules/body-parser/package.json
7 verbose installManyTop reading scoped package data from /Users/agaikw1/nodejs-authenticator-starter/node_modules/connect-flash/package.json
8 verbose installManyTop reading scoped package data from /Users/agaikw1/nodejs-authenticator-starter/node_modules/cookie-parser/package.json
9 verbose installManyTop reading scoped package data from /Users/agaikw1/nodejs-authenticator-starter/node_modules/ejs/package.json
10 verbose installManyTop reading scoped package data from /Users/agaikw1/nodejs-authenticator-starter/node_modules/expres/package.json
11 verbose installManyTop reading scoped package data from /Users/agaikw1/nodejs-authenticator-starter/node_modules/express-session/package.json
12 verbose installManyTop reading scoped package data from /Users/agaikw1/nodejs-authenticator-starter/node_modules/mongoose/package.json
13 verbose installManyTop reading scoped package data from /Users/agaikw1/nodejs-authenticator-starter/node_modules/morgan/package.json
14 verbose installManyTop reading scoped package data from /Users/agaikw1/nodejs-authenticator-starter/node_modules/nodeifyit/package.json
15 verbose installManyTop reading scoped package data from /Users/agaikw1/nodejs-authenticator-starter/node_modules/passport/package.json
16 verbose installManyTop reading scoped package data from /Users/agaikw1/nodejs-authenticator-starter/node_modules/passport-local/package.json
17 verbose installManyTop reading scoped package data from /Users/agaikw1/nodejs-authenticator-starter/node_modules/songbird/package.json
18 verbose readDependencies loading dependencies from /Users/agaikw1/nodejs-authenticator-starter/package.json
19 silly cache add args [ 'bcrypt', null ]
20 verbose cache add spec bcrypt
21 silly cache add parsed spec { raw: 'bcrypt',
21 silly cache add   scope: null,
21 silly cache add   name: 'bcrypt',
21 silly cache add   rawSpec: '',
21 silly cache add   spec: '*',
21 silly cache add   type: 'range' }
22 silly addNamed bcrypt@*
23 verbose addNamed "*" is a valid semver range for bcrypt
24 silly addNameRange { name: 'bcrypt', range: '*', hasData: false }
25 silly mapToRegistry name bcrypt
26 silly mapToRegistry using default registry
27 silly mapToRegistry registry https://registry.npmjs.org/
28 silly mapToRegistry uri https://registry.npmjs.org/bcrypt
29 verbose addNameRange registry:https://registry.npmjs.org/bcrypt not in flight; fetching
30 verbose request uri https://registry.npmjs.org/bcrypt
31 verbose request no auth needed
32 info attempt registry request try #1 at 18:30:24
33 verbose request id 013bcf71cdbd0e17
34 verbose etag "F085NQE78IFTTI3A4TWUUPO1O"
35 http request GET https://registry.npmjs.org/bcrypt
36 http 304 https://registry.npmjs.org/bcrypt
37 silly get cb [ 304,
37 silly get   { date: 'Fri, 08 May 2015 01:30:25 GMT',
37 silly get     via: '1.1 varnish',
37 silly get     'last-modified': 'Fri, 08 May 2015 01:30:25 GMT',
37 silly get     'cache-control': 'max-age=60',
37 silly get     etag: '"F085NQE78IFTTI3A4TWUUPO1O"',
37 silly get     age: '16',
37 silly get     connection: 'keep-alive',
37 silly get     'x-served-by': 'cache-sjc3122-SJC',
37 silly get     'x-cache': 'HIT',
37 silly get     'x-cache-hits': '1',
37 silly get     'x-timer': 'S1431048625.703019,VS0,VE0',
37 silly get     vary: 'Accept' } ]
38 verbose etag https://registry.npmjs.org/bcrypt from cache
39 verbose get saving bcrypt to /Users/agaikw1/.npm/registry.npmjs.org/bcrypt/.cache.json
40 silly addNameRange number 2 { name: 'bcrypt', range: '*', hasData: true }
41 silly addNameRange versions [ 'bcrypt',
41 silly addNameRange   [ '0.1.2',
41 silly addNameRange     '0.2.0',
41 silly addNameRange     '0.2.1',
41 silly addNameRange     '0.1.3',
41 silly addNameRange     '0.2.2',
41 silly addNameRange     '0.2.3',
41 silly addNameRange     '0.2.4',
41 silly addNameRange     '0.3.0',
41 silly addNameRange     '0.3.1',
41 silly addNameRange     '0.3.2',
41 silly addNameRange     '0.4.0',
41 silly addNameRange     '0.4.1',
41 silly addNameRange     '0.5.0',
41 silly addNameRange     '0.6.0',
41 silly addNameRange     '0.7.0',
41 silly addNameRange     '0.7.1',
41 silly addNameRange     '0.7.2',
41 silly addNameRange     '0.7.3',
41 silly addNameRange     '0.7.4',
41 silly addNameRange     '0.7.5',
41 silly addNameRange     '0.7.6',
41 silly addNameRange     '0.7.7',
41 silly addNameRange     '0.7.8',
41 silly addNameRange     '0.8.0',
41 silly addNameRange     '0.8.1',
41 silly addNameRange     '0.8.2',
41 silly addNameRange     '0.8.3' ] ]
42 silly addNamed bcrypt@0.8.3
43 verbose addNamed "0.8.3" is a plain semver version for bcrypt
44 silly cache afterAdd bcrypt@0.8.3
45 verbose afterAdd /Users/agaikw1/.npm/bcrypt/0.8.3/package/package.json not in flight; writing
46 verbose afterAdd /Users/agaikw1/.npm/bcrypt/0.8.3/package/package.json written
47 silly install resolved [ { name: 'bcrypt',
47 silly install resolved     description: 'A bcrypt library for NodeJS.',
47 silly install resolved     keywords:
47 silly install resolved      [ 'bcrypt',
47 silly install resolved        'password',
47 silly install resolved        'auth',
47 silly install resolved        'authentication',
47 silly install resolved        'encryption',
47 silly install resolved        'crypt',
47 silly install resolved        'crypto' ],
47 silly install resolved     main: './bcrypt',
47 silly install resolved     version: '0.8.3',
47 silly install resolved     author: { name: 'Nick Campbell', url: 'https://github.com/ncb000gt' },
47 silly install resolved     engines: { node: '>= 0.6.0' },
47 silly install resolved     repository:
47 silly install resolved      { type: 'git',
47 silly install resolved        url: 'git+https://github.com/ncb000gt/node.bcrypt.js.git' },
47 silly install resolved     licenses: [ [Object] ],
47 silly install resolved     bugs: { url: 'https://github.com/ncb000gt/node.bcrypt.js/issues' },
47 silly install resolved     scripts:
47 silly install resolved      { test: 'node-gyp configure build && nodeunit test',
47 silly install resolved        install: 'node-gyp rebuild' },
47 silly install resolved     dependencies: { bindings: '1.2.1', nan: '1.8.4' },
47 silly install resolved     devDependencies: { nodeunit: '>=0.6.4' },
47 silly install resolved     contributors:
47 silly install resolved      [ [Object],
47 silly install resolved        [Object],
47 silly install resolved        [Object],
47 silly install resolved        [Object],
47 silly install resolved        [Object],
47 silly install resolved        [Object],
47 silly install resolved        [Object],
47 silly install resolved        [Object],
47 silly install resolved        [Object],
47 silly install resolved        [Object],
47 silly install resolved        [Object],
47 silly install resolved        [Object],
47 silly install resolved        [Object],
47 silly install resolved        [Object] ],
47 silly install resolved     gypfile: true,
47 silly install resolved     gitHead: '59b9a1e4b3a0d0889812fdeda4e1c7bd0224ebd1',
47 silly install resolved     homepage: 'https://github.com/ncb000gt/node.bcrypt.js#readme',
47 silly install resolved     _id: 'bcrypt@0.8.3',
47 silly install resolved     _shasum: '714f92307246a35350744312b0d6a11a4abf792e',
47 silly install resolved     _from: 'bcrypt@*',
47 silly install resolved     _npmVersion: '2.9.0',
47 silly install resolved     _nodeVersion: '0.10.35',
47 silly install resolved     _npmUser: { name: 'shtylman', email: 'shtylman@gmail.com' },
47 silly install resolved     maintainers: [ [Object], [Object], [Object], [Object] ],
47 silly install resolved     dist:
47 silly install resolved      { shasum: '714f92307246a35350744312b0d6a11a4abf792e',
47 silly install resolved        tarball: 'http://registry.npmjs.org/bcrypt/-/bcrypt-0.8.3.tgz' },
47 silly install resolved     directories: {},
47 silly install resolved     _resolved: 'https://registry.npmjs.org/bcrypt/-/bcrypt-0.8.3.tgz',
47 silly install resolved     readme: 'ERROR: No README data found!' } ]
48 info install bcrypt@0.8.3 into /Users/agaikw1/nodejs-authenticator-starter
49 info installOne bcrypt@0.8.3
50 verbose installOne of bcrypt to /Users/agaikw1/nodejs-authenticator-starter not in flight; installing
51 verbose lock using /Users/agaikw1/.npm/_locks/bcrypt-80c851ca17478d9c.lock for /Users/agaikw1/nodejs-authenticator-starter/node_modules/bcrypt
52 silly install write writing bcrypt 0.8.3 to /Users/agaikw1/nodejs-authenticator-starter/node_modules/bcrypt
53 verbose unbuild node_modules/bcrypt
54 silly gentlyRm /Users/agaikw1/nodejs-authenticator-starter/node_modules/bcrypt is being purged from base /Users/agaikw1/nodejs-authenticator-starter
55 verbose gentlyRm don't care about contents; nuking /Users/agaikw1/nodejs-authenticator-starter/node_modules/bcrypt
56 verbose tar unpack /Users/agaikw1/.npm/bcrypt/0.8.3/package.tgz
57 verbose tar unpacking to /Users/agaikw1/nodejs-authenticator-starter/node_modules/bcrypt
58 silly gentlyRm /Users/agaikw1/nodejs-authenticator-starter/node_modules/bcrypt is being purged
59 verbose gentlyRm don't care about contents; nuking /Users/agaikw1/nodejs-authenticator-starter/node_modules/bcrypt
60 silly gunzTarPerm modes [ '755', '644' ]
61 silly gunzTarPerm extractEntry package.json
62 silly gunzTarPerm extractEntry .npmignore
63 silly gunzTarPerm extractEntry README.md
64 silly gunzTarPerm extractEntry LICENSE
65 silly gunzTarPerm extractEntry bcrypt.js
66 silly gunzTarPerm extractEntry binding.gyp
67 silly gunzTarPerm extractEntry .travis.yml
68 silly gunzTarPerm extractEntry CHANGELOG.md
69 silly gunzTarPerm extractEntry examples/async_compare.js
70 silly gunzTarPerm extractEntry examples/forever_gen_salt.js
71 silly gunzTarPerm extractEntry test/async.js
72 silly gunzTarPerm extractEntry test/repetitions.js
73 silly gunzTarPerm extractEntry test/sync.js
74 silly gunzTarPerm extractEntry Makefile
75 silly gunzTarPerm extractEntry src/bcrypt.cc
76 silly gunzTarPerm extractEntry src/bcrypt_node.cc
77 silly gunzTarPerm extractEntry src/blowfish.cc
78 silly gunzTarPerm extractEntry src/node_blf.h
79 silly gunzTarPerm extractEntry werker.yml
80 verbose write writing to /Users/agaikw1/nodejs-authenticator-starter/node_modules/bcrypt/package.json
81 info preinstall bcrypt@0.8.3
82 verbose readDependencies loading dependencies from /Users/agaikw1/nodejs-authenticator-starter/node_modules/bcrypt/package.json
83 silly prepareForInstallMany adding bindings@1.2.1 from bcrypt dependencies
84 silly prepareForInstallMany adding nan@1.8.4 from bcrypt dependencies
85 verbose readDependencies loading dependencies from /Users/agaikw1/nodejs-authenticator-starter/node_modules/bcrypt/package.json
86 silly cache add args [ 'bindings@1.2.1', null ]
87 verbose cache add spec bindings@1.2.1
88 silly cache add args [ 'nan@1.8.4', null ]
89 verbose cache add spec nan@1.8.4
90 silly cache add parsed spec { raw: 'bindings@1.2.1',
90 silly cache add   scope: null,
90 silly cache add   name: 'bindings',
90 silly cache add   rawSpec: '1.2.1',
90 silly cache add   spec: '1.2.1',
90 silly cache add   type: 'version' }
91 silly addNamed bindings@1.2.1
92 verbose addNamed "1.2.1" is a plain semver version for bindings
93 silly mapToRegistry name bindings
94 silly mapToRegistry using default registry
95 silly mapToRegistry registry https://registry.npmjs.org/
96 silly mapToRegistry uri https://registry.npmjs.org/bindings
97 verbose addNameVersion registry:https://registry.npmjs.org/bindings not in flight; fetching
98 silly cache add parsed spec { raw: 'nan@1.8.4',
98 silly cache add   scope: null,
98 silly cache add   name: 'nan',
98 silly cache add   rawSpec: '1.8.4',
98 silly cache add   spec: '1.8.4',
98 silly cache add   type: 'version' }
99 silly addNamed nan@1.8.4
100 verbose addNamed "1.8.4" is a plain semver version for nan
101 silly mapToRegistry name nan
102 silly mapToRegistry using default registry
103 silly mapToRegistry registry https://registry.npmjs.org/
104 silly mapToRegistry uri https://registry.npmjs.org/nan
105 verbose addNameVersion registry:https://registry.npmjs.org/nan not in flight; fetching
106 verbose request uri https://registry.npmjs.org/bindings
107 verbose request no auth needed
108 info attempt registry request try #1 at 18:30:25
109 verbose etag "5997G8NY1OJEMZ1HNHL7VBX5J"
110 http request GET https://registry.npmjs.org/bindings
111 verbose request uri https://registry.npmjs.org/nan
112 verbose request no auth needed
113 info attempt registry request try #1 at 18:30:25
114 verbose etag "D9X1WVB37H5NYMOI61FHEOYM0"
115 http request GET https://registry.npmjs.org/nan
116 http 304 https://registry.npmjs.org/nan
117 silly get cb [ 304,
117 silly get   { date: 'Fri, 08 May 2015 01:30:25 GMT',
117 silly get     via: '1.1 varnish',
117 silly get     'last-modified': 'Fri, 08 May 2015 01:30:25 GMT',
117 silly get     'cache-control': 'max-age=60',
117 silly get     etag: '"D9X1WVB37H5NYMOI61FHEOYM0"',
117 silly get     age: '25',
117 silly get     connection: 'keep-alive',
117 silly get     'x-served-by': 'cache-sjc3125-SJC',
117 silly get     'x-cache': 'HIT',
117 silly get     'x-cache-hits': '1',
117 silly get     'x-timer': 'S1431048625.931624,VS0,VE0',
117 silly get     vary: 'Accept' } ]
118 verbose etag https://registry.npmjs.org/nan from cache
119 verbose get saving nan to /Users/agaikw1/.npm/registry.npmjs.org/nan/.cache.json
120 http 304 https://registry.npmjs.org/bindings
121 silly get cb [ 304,
121 silly get   { date: 'Fri, 08 May 2015 01:30:25 GMT',
121 silly get     via: '1.1 varnish',
121 silly get     'cache-control': 'max-age=60',
121 silly get     etag: '"5997G8NY1OJEMZ1HNHL7VBX5J"',
121 silly get     age: '21',
121 silly get     connection: 'keep-alive',
121 silly get     'x-served-by': 'cache-sjc3127-SJC',
121 silly get     'x-cache': 'HIT',
121 silly get     'x-cache-hits': '1',
121 silly get     'x-timer': 'S1431048625.931833,VS0,VE0',
121 silly get     vary: 'Accept' } ]
122 verbose etag https://registry.npmjs.org/bindings from cache
123 verbose get saving bindings to /Users/agaikw1/.npm/registry.npmjs.org/bindings/.cache.json
124 silly cache afterAdd bindings@1.2.1
125 verbose afterAdd /Users/agaikw1/.npm/bindings/1.2.1/package/package.json not in flight; writing
126 silly cache afterAdd nan@1.8.4
127 verbose afterAdd /Users/agaikw1/.npm/nan/1.8.4/package/package.json not in flight; writing
128 verbose afterAdd /Users/agaikw1/.npm/bindings/1.2.1/package/package.json written
129 verbose afterAdd /Users/agaikw1/.npm/nan/1.8.4/package/package.json written
130 silly install resolved [ { name: 'bindings',
130 silly install resolved     description: 'Helper module for loading your native module\'s .node file',
130 silly install resolved     keywords: [ 'native', 'addon', 'bindings', 'gyp', 'waf', 'c', 'c++' ],
130 silly install resolved     version: '1.2.1',
130 silly install resolved     author:
130 silly install resolved      { name: 'Nathan Rajlich',
130 silly install resolved        email: 'nathan@tootallnate.net',
130 silly install resolved        url: 'http://tootallnate.net' },
130 silly install resolved     repository:
130 silly install resolved      { type: 'git',
130 silly install resolved        url: 'git://github.com/TooTallNate/node-bindings.git' },
130 silly install resolved     main: './bindings.js',
130 silly install resolved     bugs: { url: 'https://github.com/TooTallNate/node-bindings/issues' },
130 silly install resolved     homepage: 'https://github.com/TooTallNate/node-bindings',
130 silly install resolved     license: 'MIT',
130 silly install resolved     gitHead: 'e404152ee27f8478ccbc7122ee051246e8e5ec02',
130 silly install resolved     _id: 'bindings@1.2.1',
130 silly install resolved     scripts: {},
130 silly install resolved     _shasum: '14ad6113812d2d37d72e67b4cacb4bb726505f11',
130 silly install resolved     _from: 'bindings@1.2.1',
130 silly install resolved     _npmVersion: '1.4.14',
130 silly install resolved     _npmUser: { name: 'tootallnate', email: 'nathan@tootallnate.net' },
130 silly install resolved     maintainers: [ [Object], [Object] ],
130 silly install resolved     dist:
130 silly install resolved      { shasum: '14ad6113812d2d37d72e67b4cacb4bb726505f11',
130 silly install resolved        tarball: 'http://registry.npmjs.org/bindings/-/bindings-1.2.1.tgz' },
130 silly install resolved     directories: {},
130 silly install resolved     _resolved: 'https://registry.npmjs.org/bindings/-/bindings-1.2.1.tgz',
130 silly install resolved     readme: 'ERROR: No README data found!' },
130 silly install resolved   { name: 'nan',
130 silly install resolved     version: '1.8.4',
130 silly install resolved     description: 'Native Abstractions for Node.js: C++ header for Node 0.8->0.12 compatibility',
130 silly install resolved     main: 'include_dirs.js',
130 silly install resolved     repository: { type: 'git', url: 'git://github.com/iojs/nan.git' },
130 silly install resolved     scripts:
130 silly install resolved      { test: 'tap --gc test/js/*-test.js',
130 silly install resolved        'rebuild-tests': 'pangyp rebuild --directory test' },
130 silly install resolved     contributors:
130 silly install resolved      [ [Object],
130 silly install resolved        [Object],
130 silly install resolved        [Object],
130 silly install resolved        [Object],
130 silly install resolved        [Object],
130 silly install resolved        [Object],
130 silly install resolved        [Object] ],
130 silly install resolved     devDependencies:
130 silly install resolved      { bindings: '~1.2.1',
130 silly install resolved        'node-gyp': '~1.0.2',
130 silly install resolved        pangyp: '~2.0.1',
130 silly install resolved        tap: '~0.7.1',
130 silly install resolved        xtend: '~4.0.0' },
130 silly install resolved     license: 'MIT',
130 silly install resolved     gitHead: 'ed3bbf4ced0cf7937b4e4164766797f71aa97f3d',
130 silly install resolved     bugs: { url: 'https://github.com/iojs/nan/issues' },
130 silly install resolved     homepage: 'https://github.com/iojs/nan#readme',
130 silly install resolved     _id: 'nan@1.8.4',
130 silly install resolved     _shasum: '3c76b5382eab33e44b758d2813ca9d92e9342f34',
130 silly install resolved     _from: 'nan@1.8.4',
130 silly install resolved     _npmVersion: '2.8.3',
130 silly install resolved     _nodeVersion: '0.12.2',
130 silly install resolved     _npmUser: { name: 'kkoopa', email: 'bbyholm@abo.fi' },
130 silly install resolved     maintainers: [ [Object], [Object] ],
130 silly install resolved     dist:
130 silly install resolved      { shasum: '3c76b5382eab33e44b758d2813ca9d92e9342f34',
130 silly install resolved        tarball: 'http://registry.npmjs.org/nan/-/nan-1.8.4.tgz' },
130 silly install resolved     directories: {},
130 silly install resolved     _resolved: 'https://registry.npmjs.org/nan/-/nan-1.8.4.tgz',
130 silly install resolved     readme: 'ERROR: No README data found!' } ]
131 info install bindings@1.2.1 into /Users/agaikw1/nodejs-authenticator-starter/node_modules/bcrypt
132 info install nan@1.8.4 into /Users/agaikw1/nodejs-authenticator-starter/node_modules/bcrypt
133 info installOne bindings@1.2.1
134 verbose installOne of bindings to /Users/agaikw1/nodejs-authenticator-starter/node_modules/bcrypt not in flight; installing
135 info installOne nan@1.8.4
136 verbose installOne of nan to /Users/agaikw1/nodejs-authenticator-starter/node_modules/bcrypt not in flight; installing
137 verbose lock using /Users/agaikw1/.npm/_locks/bindings-23c6fe95c9f58664.lock for /Users/agaikw1/nodejs-authenticator-starter/node_modules/bcrypt/node_modules/bindings
138 verbose lock using /Users/agaikw1/.npm/_locks/nan-5af7df64a4ff8af3.lock for /Users/agaikw1/nodejs-authenticator-starter/node_modules/bcrypt/node_modules/nan
139 silly install write writing bindings 1.2.1 to /Users/agaikw1/nodejs-authenticator-starter/node_modules/bcrypt/node_modules/bindings
140 silly install write writing nan 1.8.4 to /Users/agaikw1/nodejs-authenticator-starter/node_modules/bcrypt/node_modules/nan
141 verbose unbuild node_modules/bcrypt/node_modules/bindings
142 silly gentlyRm /Users/agaikw1/nodejs-authenticator-starter/node_modules/bcrypt/node_modules/bindings is being purged from base /Users/agaikw1/nodejs-authenticator-starter
143 verbose gentlyRm don't care about contents; nuking /Users/agaikw1/nodejs-authenticator-starter/node_modules/bcrypt/node_modules/bindings
144 verbose tar unpack /Users/agaikw1/.npm/bindings/1.2.1/package.tgz
145 verbose tar unpacking to /Users/agaikw1/nodejs-authenticator-starter/node_modules/bcrypt/node_modules/bindings
146 silly gentlyRm /Users/agaikw1/nodejs-authenticator-starter/node_modules/bcrypt/node_modules/bindings is being purged
147 verbose gentlyRm don't care about contents; nuking /Users/agaikw1/nodejs-authenticator-starter/node_modules/bcrypt/node_modules/bindings
148 silly gunzTarPerm modes [ '755', '644' ]
149 verbose unbuild node_modules/bcrypt/node_modules/nan
150 silly gunzTarPerm extractEntry package.json
151 silly gentlyRm /Users/agaikw1/nodejs-authenticator-starter/node_modules/bcrypt/node_modules/nan is being purged from base /Users/agaikw1/nodejs-authenticator-starter
152 verbose gentlyRm don't care about contents; nuking /Users/agaikw1/nodejs-authenticator-starter/node_modules/bcrypt/node_modules/nan
153 verbose tar unpack /Users/agaikw1/.npm/nan/1.8.4/package.tgz
154 verbose tar unpacking to /Users/agaikw1/nodejs-authenticator-starter/node_modules/bcrypt/node_modules/nan
155 silly gentlyRm /Users/agaikw1/nodejs-authenticator-starter/node_modules/bcrypt/node_modules/nan is being purged
156 verbose gentlyRm don't care about contents; nuking /Users/agaikw1/nodejs-authenticator-starter/node_modules/bcrypt/node_modules/nan
157 silly gunzTarPerm modes [ '755', '644' ]
158 silly gunzTarPerm extractEntry README.md
159 silly gunzTarPerm extractEntry bindings.js
160 silly gunzTarPerm extractEntry package.json
161 silly gunzTarPerm modified mode [ 'package.json', 436, 420 ]
162 silly gunzTarPerm extractEntry README.md
163 silly gunzTarPerm modified mode [ 'README.md', 436, 420 ]
164 silly gunzTarPerm extractEntry include_dirs.js
165 silly gunzTarPerm modified mode [ 'include_dirs.js', 436, 420 ]
166 silly gunzTarPerm extractEntry LICENSE.md
167 silly gunzTarPerm modified mode [ 'LICENSE.md', 436, 420 ]
168 silly gunzTarPerm extractEntry .dntrc
169 silly gunzTarPerm modified mode [ '.dntrc', 436, 420 ]
170 silly gunzTarPerm extractEntry appveyor.yml
171 silly gunzTarPerm modified mode [ 'appveyor.yml', 436, 420 ]
172 silly gunzTarPerm extractEntry nan.h
173 silly gunzTarPerm modified mode [ 'nan.h', 436, 420 ]
174 silly gunzTarPerm extractEntry nan_implementation_12_inl.h
175 silly gunzTarPerm modified mode [ 'nan_implementation_12_inl.h', 436, 420 ]
176 verbose write writing to /Users/agaikw1/nodejs-authenticator-starter/node_modules/bcrypt/node_modules/bindings/package.json
177 silly gunzTarPerm extractEntry nan_implementation_pre_12_inl.h
178 silly gunzTarPerm modified mode [ 'nan_implementation_pre_12_inl.h', 436, 420 ]
179 silly gunzTarPerm extractEntry nan_new.h
180 silly gunzTarPerm modified mode [ 'nan_new.h', 436, 420 ]
181 info preinstall bindings@1.2.1
182 verbose readDependencies loading dependencies from /Users/agaikw1/nodejs-authenticator-starter/node_modules/bcrypt/node_modules/bindings/package.json
183 silly gunzTarPerm extractEntry nan_string_bytes.h
184 silly gunzTarPerm modified mode [ 'nan_string_bytes.h', 436, 420 ]
185 silly gunzTarPerm extractEntry CHANGELOG.md
186 silly gunzTarPerm modified mode [ 'CHANGELOG.md', 436, 420 ]
187 verbose readDependencies loading dependencies from /Users/agaikw1/nodejs-authenticator-starter/node_modules/bcrypt/node_modules/bindings/package.json
188 silly install resolved []
189 verbose about to build /Users/agaikw1/nodejs-authenticator-starter/node_modules/bcrypt/node_modules/bindings
190 info build /Users/agaikw1/nodejs-authenticator-starter/node_modules/bcrypt/node_modules/bindings
191 info linkStuff bindings@1.2.1
192 silly linkStuff bindings@1.2.1 has /Users/agaikw1/nodejs-authenticator-starter/node_modules/bcrypt/node_modules as its parent node_modules
193 verbose linkBins bindings@1.2.1
194 verbose linkMans bindings@1.2.1
195 verbose rebuildBundles bindings@1.2.1
196 info install bindings@1.2.1
197 info postinstall bindings@1.2.1
198 verbose unlock done using /Users/agaikw1/.npm/_locks/bindings-23c6fe95c9f58664.lock for /Users/agaikw1/nodejs-authenticator-starter/node_modules/bcrypt/node_modules/bindings
199 verbose write writing to /Users/agaikw1/nodejs-authenticator-starter/node_modules/bcrypt/node_modules/nan/package.json
200 info preinstall nan@1.8.4
201 verbose readDependencies loading dependencies from /Users/agaikw1/nodejs-authenticator-starter/node_modules/bcrypt/node_modules/nan/package.json
202 verbose readDependencies loading dependencies from /Users/agaikw1/nodejs-authenticator-starter/node_modules/bcrypt/node_modules/nan/package.json
203 silly install resolved []
204 verbose about to build /Users/agaikw1/nodejs-authenticator-starter/node_modules/bcrypt/node_modules/nan
205 info build /Users/agaikw1/nodejs-authenticator-starter/node_modules/bcrypt/node_modules/nan
206 info linkStuff nan@1.8.4
207 silly linkStuff nan@1.8.4 has /Users/agaikw1/nodejs-authenticator-starter/node_modules/bcrypt/node_modules as its parent node_modules
208 verbose linkBins nan@1.8.4
209 verbose linkMans nan@1.8.4
210 verbose rebuildBundles nan@1.8.4
211 info install nan@1.8.4
212 info postinstall nan@1.8.4
213 verbose unlock done using /Users/agaikw1/.npm/_locks/nan-5af7df64a4ff8af3.lock for /Users/agaikw1/nodejs-authenticator-starter/node_modules/bcrypt/node_modules/nan
214 verbose about to build /Users/agaikw1/nodejs-authenticator-starter/node_modules/bcrypt
215 info build /Users/agaikw1/nodejs-authenticator-starter/node_modules/bcrypt
216 info linkStuff bcrypt@0.8.3
217 silly linkStuff bcrypt@0.8.3 has /Users/agaikw1/nodejs-authenticator-starter/node_modules as its parent node_modules
218 verbose linkBins bcrypt@0.8.3
219 verbose linkMans bcrypt@0.8.3
220 verbose rebuildBundles bcrypt@0.8.3
221 verbose rebuildBundles [ 'bindings', 'nan' ]
222 info install bcrypt@0.8.3
223 verbose unsafe-perm in lifecycle false
224 info bcrypt@0.8.3 Failed to exec install script
225 verbose unlock done using /Users/agaikw1/.npm/_locks/bcrypt-80c851ca17478d9c.lock for /Users/agaikw1/nodejs-authenticator-starter/node_modules/bcrypt
226 verbose stack Error: bcrypt@0.8.3 install: `node-gyp rebuild`
226 verbose stack Exit status 1
226 verbose stack     at EventEmitter.<anonymous> (/Users/agaikw1/.nvm/versions/io.js/v1.8.1/lib/node_modules/npm/lib/utils/lifecycle.js:213:16)
226 verbose stack     at emitTwo (events.js:87:13)
226 verbose stack     at EventEmitter.emit (events.js:169:7)
226 verbose stack     at ChildProcess.<anonymous> (/Users/agaikw1/.nvm/versions/io.js/v1.8.1/lib/node_modules/npm/lib/utils/spawn.js:24:14)
226 verbose stack     at emitTwo (events.js:87:13)
226 verbose stack     at ChildProcess.emit (events.js:169:7)
226 verbose stack     at maybeClose (child_process.js:953:16)
226 verbose stack     at Process.ChildProcess._handle.onexit (child_process.js:1020:5)
227 verbose pkgid bcrypt@0.8.3
228 verbose cwd /Users/agaikw1/nodejs-authenticator-starter
229 error Darwin 13.4.0
230 error argv "/Users/agaikw1/.nvm/versions/io.js/v1.8.1/bin/iojs" "/Users/agaikw1/.nvm/versions/io.js/v1.8.1/bin/npm" "install" "bcrypt"
231 error node v1.8.1
232 error npm  v2.8.3
233 error code ELIFECYCLE
234 error bcrypt@0.8.3 install: `node-gyp rebuild`
234 error Exit status 1
235 error Failed at the bcrypt@0.8.3 install script 'node-gyp rebuild'.
235 error This is most likely a problem with the bcrypt package,
235 error not with npm itself.
235 error Tell the author that this fails on your system:
235 error     node-gyp rebuild
235 error You can get their info via:
235 error     npm owner ls bcrypt
235 error There is likely additional logging output above.
236 verbose exit [ 1, true ]
237 verbose unbuild node_modules/bcrypt
238 info preuninstall bcrypt@0.8.3
239 info uninstall bcrypt@0.8.3
240 verbose unbuild rmStuff bcrypt@0.8.3 from /Users/agaikw1/nodejs-authenticator-starter/node_modules
241 info postuninstall bcrypt@0.8.3
242 silly gentlyRm /Users/agaikw1/nodejs-authenticator-starter/node_modules/bcrypt is being purged from base /Users/agaikw1/nodejs-authenticator-starter
243 verbose gentlyRm don't care about contents; nuking /Users/agaikw1/nodejs-authenticator-starter/node_modules/bcrypt
244 silly vacuum-fs purging /Users/agaikw1/nodejs-authenticator-starter/node_modules/bcrypt
245 silly vacuum-fs quitting because other entries in /Users/agaikw1/nodejs-authenticator-starter/node_modules
